<?xml version="1.0" encoding="UTF-8"?>
<testng-results skipped="0" failed="0" total="1" passed="1">
  <reporter-output>
  </reporter-output>
  <suite name="Default suite" duration-ms="130499" started-at="2016-06-02T02:04:50Z" finished-at="2016-06-02T02:07:00Z">
    <groups>
    </groups>
    <test name="Default test" duration-ms="130499" started-at="2016-06-02T02:04:50Z" finished-at="2016-06-02T02:07:00Z">
      <class name="LolaAutomation.XeroDemoCompanyTest.Android.Tests.AndroidDemoComapnyDashboardPageTest">
        <test-method status="PASS" signature="beforeSuite(org.testng.ITestContext)[pri:0, instance:LolaAutomation.XeroDemoCompanyTest.Android.Tests.AndroidDemoComapnyDashboardPageTest@704a52ec]" name="beforeSuite" is-config="true" duration-ms="8" started-at="2016-06-02T14:04:50Z" finished-at="2016-06-02T14:04:50Z">
          <params>
            <param index="0">
              <value>
                <![CDATA[org.testng.TestRunner@1cf6d1be]]>
              </value>
            </param>
          </params>
          <reporter-output>
          </reporter-output>
        </test-method> <!-- beforeSuite -->
        <test-method status="PASS" signature="beforeTest(org.testng.ITestContext)[pri:0, instance:LolaAutomation.XeroDemoCompanyTest.Android.Tests.AndroidDemoComapnyDashboardPageTest@704a52ec]" name="beforeTest" is-config="true" duration-ms="0" started-at="2016-06-02T14:04:50Z" finished-at="2016-06-02T14:04:50Z">
          <params>
            <param index="0">
              <value>
                <![CDATA[org.testng.TestRunner@1cf6d1be]]>
              </value>
            </param>
          </params>
          <reporter-output>
          </reporter-output>
        </test-method> <!-- beforeTest -->
        <test-method status="PASS" signature="beforeClass(org.testng.ITestContext)[pri:0, instance:LolaAutomation.XeroDemoCompanyTest.Android.Tests.AndroidDemoComapnyDashboardPageTest@704a52ec]" name="beforeClass" is-config="true" duration-ms="0" started-at="2016-06-02T14:04:50Z" finished-at="2016-06-02T14:04:50Z">
          <params>
            <param index="0">
              <value>
                <![CDATA[org.testng.TestRunner@1cf6d1be]]>
              </value>
            </param>
          </params>
          <reporter-output>
          </reporter-output>
        </test-method> <!-- beforeClass -->
        <test-method status="PASS" signature="setUp(org.testng.ITestContext)[pri:0, instance:LolaAutomation.XeroDemoCompanyTest.Android.Tests.AndroidDemoComapnyDashboardPageTest@704a52ec]" name="setUp" is-config="true" duration-ms="20953" started-at="2016-06-02T14:04:50Z" finished-at="2016-06-02T14:05:10Z">
          <params>
            <param index="0">
              <value>
                <![CDATA[org.testng.TestRunner@1cf6d1be]]>
              </value>
            </param>
          </params>
          <reporter-output>
          </reporter-output>
        </test-method> <!-- setUp -->
        <test-method status="PASS" signature="ValidDashboardDemoCompany()[pri:0, instance:LolaAutomation.XeroDemoCompanyTest.Android.Tests.AndroidDemoComapnyDashboardPageTest@704a52ec]" name="ValidDashboardDemoCompany" duration-ms="108565" started-at="2016-06-02T14:05:10Z" description="To test xero homepage" finished-at="2016-06-02T14:06:59Z">
          <reporter-output>
          </reporter-output>
        </test-method> <!-- ValidDashboardDemoCompany -->
        <test-method status="PASS" signature="tearDown(org.testng.ITestContext)[pri:0, instance:LolaAutomation.XeroDemoCompanyTest.Android.Tests.AndroidDemoComapnyDashboardPageTest@704a52ec]" name="tearDown" is-config="true" duration-ms="973" started-at="2016-06-02T14:06:59Z" finished-at="2016-06-02T14:07:00Z">
          <params>
            <param index="0">
              <value>
                <![CDATA[org.testng.TestRunner@1cf6d1be]]>
              </value>
            </param>
          </params>
          <reporter-output>
          </reporter-output>
        </test-method> <!-- tearDown -->
        <test-method status="PASS" signature="afterClass(org.testng.ITestContext)[pri:0, instance:LolaAutomation.XeroDemoCompanyTest.Android.Tests.AndroidDemoComapnyDashboardPageTest@704a52ec]" name="afterClass" is-config="true" duration-ms="0" started-at="2016-06-02T14:07:00Z" finished-at="2016-06-02T14:07:00Z">
          <params>
            <param index="0">
              <value>
                <![CDATA[org.testng.TestRunner@1cf6d1be]]>
              </value>
            </param>
          </params>
          <reporter-output>
          </reporter-output>
        </test-method> <!-- afterClass -->
        <test-method status="PASS" signature="afterTest(org.testng.ITestContext)[pri:0, instance:LolaAutomation.XeroDemoCompanyTest.Android.Tests.AndroidDemoComapnyDashboardPageTest@704a52ec]" name="afterTest" is-config="true" duration-ms="0" started-at="2016-06-02T14:07:00Z" finished-at="2016-06-02T14:07:00Z">
          <params>
            <param index="0">
              <value>
                <![CDATA[org.testng.TestRunner@1cf6d1be]]>
              </value>
            </param>
          </params>
          <reporter-output>
          </reporter-output>
        </test-method> <!-- afterTest -->
        <test-method status="PASS" signature="afterSuite(org.testng.ITestContext)[pri:0, instance:LolaAutomation.XeroDemoCompanyTest.Android.Tests.AndroidDemoComapnyDashboardPageTest@704a52ec]" name="afterSuite" is-config="true" duration-ms="0" started-at="2016-06-02T14:07:00Z" finished-at="2016-06-02T14:07:00Z">
          <params>
            <param index="0">
              <value>
                <![CDATA[org.testng.TestRunner@1cf6d1be]]>
              </value>
            </param>
          </params>
          <reporter-output>
          </reporter-output>
        </test-method> <!-- afterSuite -->
      </class> <!-- LolaAutomation.XeroDemoCompanyTest.Android.Tests.AndroidDemoComapnyDashboardPageTest -->
    </test> <!-- Default test -->
  </suite> <!-- Default suite -->
</testng-results>
